# JRE version: OpenJDK Runtime Environment (7.0_79-b14) (build 1.7.0_79-b14)
# Java VM: OpenJDK 64-Bit Server VM (24.79-b02 mixed mode linux-amd64 compressed oops)
Heap
 PSYoungGen      total 144896K, used 140897K [0x00000000eb280000, 0x00000000f5380000, 0x0000000100000000)
  eden space 128000K, 100% used [0x00000000eb280000,0x00000000f2f80000,0x00000000f2f80000)
  from space 16896K, 76% used [0x00000000f4100000,0x00000000f4d98668,0x00000000f5180000)
  to   space 17920K, 45% used [0x00000000f2f80000,0x00000000f377f128,0x00000000f4100000)
 ParOldGen       total 84992K, used 21048K [0x00000000c1800000, 0x00000000c6b00000, 0x00000000eb280000)
  object space 84992K, 24% used [0x00000000c1800000,0x00000000c2c8e108,0x00000000c6b00000)
 PSPermGen       total 37888K, used 37831K [0x00000000b7200000, 0x00000000b9700000, 0x00000000c1800000)
  object space 37888K, 99% used [0x00000000b7200000,0x00000000b96f1ed8,0x00000000b9700000)
GC Heap History (10 events):
Event: 1.030 GC heap after
Heap after GC invocations=2 (full 0):
 PSYoungGen      total 37376K, used 5107K [0x00000000eb280000, 0x00000000efb80000, 0x0000000100000000)
  eden space 32256K, 0% used [0x00000000eb280000,0x00000000eb280000,0x00000000ed200000)
  from space 5120K, 99% used [0x00000000ed700000,0x00000000edbfcf20,0x00000000edc00000)
  to   space 5120K, 0% used [0x00000000ed200000,0x00000000ed200000,0x00000000ed700000)
 ParOldGen       total 84992K, used 347K [0x00000000c1800000, 0x00000000c6b00000, 0x00000000eb280000)
  object space 84992K, 0% used [0x00000000c1800000,0x00000000c1856d28,0x00000000c6b00000)
 PSPermGen       total 21504K, used 13590K [0x00000000b7200000, 0x00000000b8700000, 0x00000000c1800000)
  object space 21504K, 63% used [0x00000000b7200000,0x00000000b7f45b68,0x00000000b8700000)
}
Event: 1.257 GC heap before
{Heap before GC invocations=3 (full 0):
 PSYoungGen      total 37376K, used 37363K [0x00000000eb280000, 0x00000000efb80000, 0x0000000100000000)
  eden space 32256K, 100% used [0x00000000eb280000,0x00000000ed200000,0x00000000ed200000)
  from space 5120K, 99% used [0x00000000ed700000,0x00000000edbfcf20,0x00000000edc00000)
  to   space 5120K, 0% used [0x00000000ed200000,0x00000000ed200000,0x00000000ed700000)
 ParOldGen       total 84992K, used 347K [0x00000000c1800000, 0x00000000c6b00000, 0x00000000eb280000)
  object space 84992K, 0% used [0x00000000c1800000,0x00000000c1856d28,0x00000000c6b00000)
 PSPermGen       total 21504K, used 15534K [0x00000000b7200000, 0x00000000b8700000, 0x00000000c1800000)
  object space 21504K, 72% used [0x00000000b7200000,0x00000000b812b840,0x00000000b8700000)
Event: 1.262 GC heap after
Heap after GC invocations=3 (full 0):
 PSYoungGen      total 37376K, used 4425K [0x00000000eb280000, 0x00000000efb80000, 0x0000000100000000)
  eden space 32256K, 0% used [0x00000000eb280000,0x00000000eb280000,0x00000000ed200000)
  from space 5120K, 86% used [0x00000000ed200000,0x00000000ed6525d0,0x00000000ed700000)
  to   space 5120K, 0% used [0x00000000ef680000,0x00000000ef680000,0x00000000efb80000)
 ParOldGen       total 84992K, used 355K [0x00000000c1800000, 0x00000000c6b00000, 0x00000000eb280000)
  object space 84992K, 0% used [0x00000000c1800000,0x00000000c1858d28,0x00000000c6b00000)
 PSPermGen       total 21504K, used 15534K [0x00000000b7200000, 0x00000000b8700000, 0x00000000c1800000)
  object space 21504K, 72% used [0x00000000b7200000,0x00000000b812b840,0x00000000b8700000)
}
Event: 1.463 GC heap before
{Heap before GC invocations=4 (full 0):
 PSYoungGen      total 37376K, used 36681K [0x00000000eb280000, 0x00000000efb80000, 0x0000000100000000)
  eden space 32256K, 100% used [0x00000000eb280000,0x00000000ed200000,0x00000000ed200000)
  from space 5120K, 86% used [0x00000000ed200000,0x00000000ed6525d0,0x00000000ed700000)
  to   space 5120K, 0% used [0x00000000ef680000,0x00000000ef680000,0x00000000efb80000)
 ParOldGen       total 84992K, used 355K [0x00000000c1800000, 0x00000000c6b00000, 0x00000000eb280000)
  object space 84992K, 0% used [0x00000000c1800000,0x00000000c1858d28,0x00000000c6b00000)
 PSPermGen       total 21504K, used 17865K [0x00000000b7200000, 0x00000000b8700000, 0x00000000c1800000)
  object space 21504K, 83% used [0x00000000b7200000,0x00000000b83727b0,0x00000000b8700000)
Event: 1.477 GC heap after
Heap after GC invocations=4 (full 0):
 PSYoungGen      total 69632K, used 5116K [0x00000000eb280000, 0x00000000efb80000, 0x0000000100000000)
  eden space 64512K, 0% used [0x00000000eb280000,0x00000000eb280000,0x00000000ef180000)
  from space 5120K, 99% used [0x00000000ef680000,0x00000000efb7f390,0x00000000efb80000)
  to   space 5120K, 0% used [0x00000000ef180000,0x00000000ef180000,0x00000000ef680000)
 ParOldGen       total 84992K, used 13990K [0x00000000c1800000, 0x00000000c6b00000, 0x00000000eb280000)
  object space 84992K, 16% used [0x00000000c1800000,0x00000000c25a98e0,0x00000000c6b00000)
 PSPermGen       total 21504K, used 17865K [0x00000000b7200000, 0x00000000b8700000, 0x00000000c1800000)
  object space 21504K, 83% used [0x00000000b7200000,0x00000000b83727b0,0x00000000b8700000)
}
Event: 2.222 GC heap before
{Heap before GC invocations=5 (full 0):
 PSYoungGen      total 69632K, used 69628K [0x00000000eb280000, 0x00000000efb80000, 0x0000000100000000)
  eden space 64512K, 100% used [0x00000000eb280000,0x00000000ef180000,0x00000000ef180000)
  from space 5120K, 99% used [0x00000000ef680000,0x00000000efb7f390,0x00000000efb80000)
  to   space 5120K, 0% used [0x00000000ef180000,0x00000000ef180000,0x00000000ef680000)
 ParOldGen       total 84992K, used 13990K [0x00000000c1800000, 0x00000000c6b00000, 0x00000000eb280000)
  object space 84992K, 16% used [0x00000000c1800000,0x00000000c25a98e0,0x00000000c6b00000)
 PSPermGen       total 23552K, used 23433K [0x00000000b7200000, 0x00000000b8900000, 0x00000000c1800000)
  object space 23552K, 99% used [0x00000000b7200000,0x00000000b88e25f8,0x00000000b8900000)
Event: 2.232 GC heap after
Heap after GC invocations=5 (full 0):
 PSYoungGen      total 69632K, used 5110K [0x00000000eb280000, 0x00000000f5180000, 0x0000000100000000)
  eden space 64512K, 0% used [0x00000000eb280000,0x00000000eb280000,0x00000000ef180000)
  from space 5120K, 99% used [0x00000000ef180000,0x00000000ef67dbf0,0x00000000ef680000)
  to   space 16896K, 0% used [0x00000000f4100000,0x00000000f4100000,0x00000000f5180000)
 ParOldGen       total 84992K, used 19711K [0x00000000c1800000, 0x00000000c6b00000, 0x00000000eb280000)
  object space 84992K, 23% used [0x00000000c1800000,0x00000000c2b3fd30,0x00000000c6b00000)
 PSPermGen       total 23552K, used 23433K [0x00000000b7200000, 0x00000000b8900000, 0x00000000c1800000)
  object space 23552K, 99% used [0x00000000b7200000,0x00000000b88e25f8,0x00000000b8900000)
}
Event: 41.745 GC heap before
{Heap before GC invocations=6 (full 0):
 PSYoungGen      total 69632K, used 69622K [0x00000000eb280000, 0x00000000f5180000, 0x0000000100000000)
  eden space 64512K, 100% used [0x00000000eb280000,0x00000000ef180000,0x00000000ef180000)
  from space 5120K, 99% used [0x00000000ef180000,0x00000000ef67dbf0,0x00000000ef680000)
  to   space 16896K, 0% used [0x00000000f4100000,0x00000000f4100000,0x00000000f5180000)
 ParOldGen       total 84992K, used 19711K [0x00000000c1800000, 0x00000000c6b00000, 0x00000000eb280000)
  object space 84992K, 23% used [0x00000000c1800000,0x00000000c2b3fd30,0x00000000c6b00000)
 PSPermGen       total 31232K, used 30823K [0x00000000b7200000, 0x00000000b9080000, 0x00000000c1800000)
  object space 31232K, 98% used [0x00000000b7200000,0x00000000b9019f48,0x00000000b9080000)
Event: 41.761 GC heap after
Heap after GC invocations=6 (full 0):
 PSYoungGen      total 144896K, used 12897K [0x00000000eb280000, 0x00000000f5380000, 0x0000000100000000)
  eden space 128000K, 0% used [0x00000000eb280000,0x00000000eb280000,0x00000000f2f80000)
  from space 16896K, 76% used [0x00000000f4100000,0x00000000f4d98668,0x00000000f5180000)
  to   space 17920K, 0% used [0x00000000f2f80000,0x00000000f2f80000,0x00000000f4100000)
 ParOldGen       total 84992K, used 19719K [0x00000000c1800000, 0x00000000c6b00000, 0x00000000eb280000)
  object space 84992K, 23% used [0x00000000c1800000,0x00000000c2b41d30,0x00000000c6b00000)
 PSPermGen       total 31232K, used 30823K [0x00000000b7200000, 0x00000000b9080000, 0x00000000c1800000)
  object space 31232K, 98% used [0x00000000b7200000,0x00000000b9019f48,0x00000000b9080000)
}
Event: 82.037 GC heap before
{Heap before GC invocations=7 (full 0):
 PSYoungGen      total 144896K, used 140897K [0x00000000eb280000, 0x00000000f5380000, 0x0000000100000000)
  eden space 128000K, 100% used [0x00000000eb280000,0x00000000f2f80000,0x00000000f2f80000)
  from space 16896K, 76% used [0x00000000f4100000,0x00000000f4d98668,0x00000000f5180000)
  to   space 17920K, 0% used [0x00000000f2f80000,0x00000000f2f80000,0x00000000f4100000)
 ParOldGen       total 84992K, used 19719K [0x00000000c1800000, 0x00000000c6b00000, 0x00000000eb280000)
  object space 84992K, 23% used [0x00000000c1800000,0x00000000c2b41d30,0x00000000c6b00000)
 PSPermGen       total 37888K, used 37831K [0x00000000b7200000, 0x00000000b9700000, 0x00000000c1800000)
  object space 37888K, 99% used [0x00000000b7200000,0x00000000b96f1ed8,0x00000000b9700000)

